# JRE version: OpenJDK Runtime Environment (17.0.11+12) (build 17.0.11+12-LTS)
# Java VM: OpenJDK 64-Bit Server VM (17.0.11+12-LTS, mixed mode, sharing, tiered, compressed oops, compressed class ptrs, g1 gc, windows-amd64)
GC Precious Log:
 CPUs: 12 total, 12 available
 Memory: 14128M
 Large Page Support: Disabled
 NUMA Support: Disabled
 Compressed Oops: Enabled (Zero based)
 Heap Region Size: 2M
 Heap Min Capacity: 8M
 Heap Initial Capacity: 222M
 Heap Max Capacity: 3534M
 Pre-touch: Disabled
 Parallel Workers: 10
 Concurrent Workers: 3
 Concurrent Refinement Workers: 10
 Periodic GC: Disabled
Heap:
 garbage-first heap   total 227328K, used 56461K [0x0000000723200000, 0x0000000800000000)
  region size 2048K, 25 young (51200K), 3 survivors (6144K)
 Metaspace       used 17898K, committed 18112K, reserved 1114112K
  class space    used 2256K, committed 2368K, reserved 1048576K
GC Heap History (6 events):
Event: 0.262 GC heap before
{Heap before GC invocations=0 (full 0):
 garbage-first heap   total 227328K, used 20480K [0x0000000723200000, 0x0000000800000000)
  region size 2048K, 11 young (22528K), 0 survivors (0K)
 Metaspace       used 3602K, committed 3840K, reserved 1114112K
  class space    used 377K, committed 512K, reserved 1048576K
}
Event: 0.264 GC heap after
{Heap after GC invocations=1 (full 0):
 garbage-first heap   total 227328K, used 6809K [0x0000000723200000, 0x0000000800000000)
  region size 2048K, 2 young (4096K), 2 survivors (4096K)
 Metaspace       used 3602K, committed 3840K, reserved 1114112K
  class space    used 377K, committed 512K, reserved 1048576K
}
Event: 0.440 GC heap before
{Heap before GC invocations=1 (full 0):
 garbage-first heap   total 227328K, used 27289K [0x0000000723200000, 0x0000000800000000)
  region size 2048K, 13 young (26624K), 2 survivors (4096K)
 Metaspace       used 6042K, committed 6080K, reserved 1114112K
  class space    used 738K, committed 768K, reserved 1048576K
}
Event: 0.445 GC heap after
{Heap after GC invocations=2 (full 0):
 garbage-first heap   total 227328K, used 11476K [0x0000000723200000, 0x0000000800000000)
  region size 2048K, 2 young (4096K), 2 survivors (4096K)
 Metaspace       used 6042K, committed 6080K, reserved 1114112K
  class space    used 738K, committed 768K, reserved 1048576K
}
Event: 0.811 GC heap before
{Heap before GC invocations=2 (full 0):
 garbage-first heap   total 227328K, used 52436K [0x0000000723200000, 0x0000000800000000)
  region size 2048K, 23 young (47104K), 2 survivors (4096K)
 Metaspace       used 12152K, committed 12288K, reserved 1114112K
  class space    used 1547K, committed 1600K, reserved 1048576K
}
Event: 0.814 GC heap after
{Heap after GC invocations=3 (full 0):
 garbage-first heap   total 227328K, used 15501K [0x0000000723200000, 0x0000000800000000)
  region size 2048K, 3 young (6144K), 3 survivors (6144K)
 Metaspace       used 12152K, committed 12288K, reserved 1114112K
  class space    used 1547K, committed 1600K, reserved 1048576K
}

