# JRE version: Java(TM) SE Runtime Environment (8.0_411) (build 1.8.0_411-b09)
# Java VM: Java HotSpot(TM) 64-Bit Server VM (25.411-b09 mixed mode windows-amd64 compressed oops)
Heap:
 PSYoungGen      total 140800K, used 5401K [0x000000076bc00000, 0x000000077cf00000, 0x00000007c0000000)
  eden space 130048K, 4% used [0x000000076bc00000,0x000000076c146518,0x0000000773b00000)
  from space 10752K, 0% used [0x0000000773b00000,0x0000000773b00000,0x0000000774580000)
  to   space 10752K, 0% used [0x000000077c480000,0x000000077c480000,0x000000077cf00000)
 ParOldGen       total 131584K, used 18806K [0x00000006c3400000, 0x00000006cb480000, 0x000000076bc00000)
  object space 131584K, 14% used [0x00000006c3400000,0x00000006c465d948,0x00000006cb480000)
 Metaspace       used 21704K, capacity 21958K, committed 22144K, reserved 1069056K
  class space    used 2766K, capacity 2861K, committed 2944K, reserved 1048576K
GC Heap History (8 events):
Event: 0.450 GC heap before
{Heap before GC invocations=1 (full 0):
 PSYoungGen      total 75776K, used 65024K [0x000000076bc00000, 0x0000000771080000, 0x00000007c0000000)
  eden space 65024K, 100% used [0x000000076bc00000,0x000000076fb80000,0x000000076fb80000)
  from space 10752K, 0% used [0x0000000770600000,0x0000000770600000,0x0000000771080000)
  to   space 10752K, 0% used [0x000000076fb80000,0x000000076fb80000,0x0000000770600000)
 ParOldGen       total 173568K, used 0K [0x00000006c3400000, 0x00000006cdd80000, 0x000000076bc00000)
  object space 173568K, 0% used [0x00000006c3400000,0x00000006c3400000,0x00000006cdd80000)
 Metaspace       used 9881K, capacity 10016K, committed 10368K, reserved 1058816K
  class space    used 1211K, capacity 1288K, committed 1408K, reserved 1048576K
Event: 0.455 GC heap after
Heap after GC invocations=1 (full 0):
 PSYoungGen      total 75776K, used 10747K [0x000000076bc00000, 0x0000000775000000, 0x00000007c0000000)
  eden space 65024K, 0% used [0x000000076bc00000,0x000000076bc00000,0x000000076fb80000)
  from space 10752K, 99% used [0x000000076fb80000,0x00000007705feed0,0x0000000770600000)
  to   space 10752K, 0% used [0x0000000774580000,0x0000000774580000,0x0000000775000000)
 ParOldGen       total 173568K, used 2690K [0x00000006c3400000, 0x00000006cdd80000, 0x000000076bc00000)
  object space 173568K, 1% used [0x00000006c3400000,0x00000006c36a0868,0x00000006cdd80000)
 Metaspace       used 9881K, capacity 10016K, committed 10368K, reserved 1058816K
  class space    used 1211K, capacity 1288K, committed 1408K, reserved 1048576K
}
Event: 0.857 GC heap before
{Heap before GC invocations=2 (full 0):
 PSYoungGen      total 75776K, used 75771K [0x000000076bc00000, 0x0000000775000000, 0x00000007c0000000)
  eden space 65024K, 100% used [0x000000076bc00000,0x000000076fb80000,0x000000076fb80000)
  from space 10752K, 99% used [0x000000076fb80000,0x00000007705feed0,0x0000000770600000)
  to   space 10752K, 0% used [0x0000000774580000,0x0000000774580000,0x0000000775000000)
 ParOldGen       total 173568K, used 2690K [0x00000006c3400000, 0x00000006cdd80000, 0x000000076bc00000)
  object space 173568K, 1% used [0x00000006c3400000,0x00000006c36a0868,0x00000006cdd80000)
 Metaspace       used 16363K, capacity 16578K, committed 16768K, reserved 1064960K
  class space    used 2074K, capacity 2163K, committed 2176K, reserved 1048576K
Event: 0.864 GC heap after
Heap after GC invocations=2 (full 0):
 PSYoungGen      total 140800K, used 10736K [0x000000076bc00000, 0x0000000775000000, 0x00000007c0000000)
  eden space 130048K, 0% used [0x000000076bc00000,0x000000076bc00000,0x0000000773b00000)
  from space 10752K, 99% used [0x0000000774580000,0x0000000774ffc040,0x0000000775000000)
  to   space 10752K, 0% used [0x0000000773b00000,0x0000000773b00000,0x0000000774580000)
 ParOldGen       total 173568K, used 9978K [0x00000006c3400000, 0x00000006cdd80000, 0x000000076bc00000)
  object space 173568K, 5% used [0x00000006c3400000,0x00000006c3dbe8e8,0x00000006cdd80000)
 Metaspace       used 16363K, capacity 16578K, committed 16768K, reserved 1064960K
  class space    used 2074K, capacity 2163K, committed 2176K, reserved 1048576K
}
Event: 1.349 GC heap before
{Heap before GC invocations=3 (full 0):
 PSYoungGen      total 140800K, used 76123K [0x000000076bc00000, 0x0000000775000000, 0x00000007c0000000)
  eden space 130048K, 50% used [0x000000076bc00000,0x000000076fbdaf40,0x0000000773b00000)
  from space 10752K, 99% used [0x0000000774580000,0x0000000774ffc040,0x0000000775000000)
  to   space 10752K, 0% used [0x0000000773b00000,0x0000000773b00000,0x0000000774580000)
 ParOldGen       total 173568K, used 9978K [0x00000006c3400000, 0x00000006cdd80000, 0x000000076bc00000)
  object space 173568K, 5% used [0x00000006c3400000,0x00000006c3dbe8e8,0x00000006cdd80000)
 Metaspace       used 20845K, capacity 21062K, committed 21248K, reserved 1067008K
  class space    used 2666K, capacity 2733K, committed 2816K, reserved 1048576K
Event: 1.358 GC heap after
Heap after GC invocations=3 (full 0):
 PSYoungGen      total 140800K, used 10747K [0x000000076bc00000, 0x000000077cf00000, 0x00000007c0000000)
  eden space 130048K, 0% used [0x000000076bc00000,0x000000076bc00000,0x0000000773b00000)
  from space 10752K, 99% used [0x0000000773b00000,0x000000077457ed80,0x0000000774580000)
  to   space 10752K, 0% used [0x000000077c480000,0x000000077c480000,0x000000077cf00000)
 ParOldGen       total 173568K, used 17196K [0x00000006c3400000, 0x00000006cdd80000, 0x000000076bc00000)
  object space 173568K, 9% used [0x00000006c3400000,0x00000006c44cb150,0x00000006cdd80000)
 Metaspace       used 20845K, capacity 21062K, committed 21248K, reserved 1067008K
  class space    used 2666K, capacity 2733K, committed 2816K, reserved 1048576K
}
Event: 1.358 GC heap before
{Heap before GC invocations=4 (full 1):
 PSYoungGen      total 140800K, used 10747K [0x000000076bc00000, 0x000000077cf00000, 0x00000007c0000000)
  eden space 130048K, 0% used [0x000000076bc00000,0x000000076bc00000,0x0000000773b00000)
  from space 10752K, 99% used [0x0000000773b00000,0x000000077457ed80,0x0000000774580000)
  to   space 10752K, 0% used [0x000000077c480000,0x000000077c480000,0x000000077cf00000)
 ParOldGen       total 173568K, used 17196K [0x00000006c3400000, 0x00000006cdd80000, 0x000000076bc00000)
  object space 173568K, 9% used [0x00000006c3400000,0x00000006c44cb150,0x00000006cdd80000)
 Metaspace       used 20845K, capacity 21062K, committed 21248K, reserved 1067008K
  class space    used 2666K, capacity 2733K, committed 2816K, reserved 1048576K
Event: 1.385 GC heap after
Heap after GC invocations=4 (full 1):
 PSYoungGen      total 140800K, used 0K [0x000000076bc00000, 0x000000077cf00000, 0x00000007c0000000)
  eden space 130048K, 0% used [0x000000076bc00000,0x000000076bc00000,0x0000000773b00000)
  from space 10752K, 0% used [0x0000000773b00000,0x0000000773b00000,0x0000000774580000)
  to   space 10752K, 0% used [0x000000077c480000,0x000000077c480000,0x000000077cf00000)
 ParOldGen       total 131584K, used 18806K [0x00000006c3400000, 0x00000006cb480000, 0x000000076bc00000)
  object space 131584K, 14% used [0x00000006c3400000,0x00000006c465d948,0x00000006cb480000)
 Metaspace       used 20845K, capacity 21062K, committed 21248K, reserved 1067008K
  class space    used 2666K, capacity 2733K, committed 2816K, reserved 1048576K
}

