# JRE version: Java(TM) SE Runtime Environment (8.0_411) (build 1.8.0_411-b09)
# Java VM: Java HotSpot(TM) 64-Bit Server VM (25.411-b09 mixed mode windows-amd64 compressed oops)
Heap:
 PSYoungGen      total 140800K, used 5401K [0x000000076bc00000, 0x000000077cf00000, 0x00000007c0000000)
  eden space 130048K, 4% used [0x000000076bc00000,0x000000076c146518,0x0000000773b00000)
  from space 10752K, 0% used [0x0000000773b00000,0x0000000773b00000,0x0000000774580000)
  to   space 10752K, 0% used [0x000000077c480000,0x000000077c480000,0x000000077cf00000)
 ParOldGen       total 132096K, used 18783K [0x00000006c3400000, 0x00000006cb500000, 0x000000076bc00000)
  object space 132096K, 14% used [0x00000006c3400000,0x00000006c4657fa0,0x00000006cb500000)
 Metaspace       used 21698K, capacity 21958K, committed 22144K, reserved 1069056K
  class space    used 2766K, capacity 2861K, committed 2944K, reserved 1048576K
GC Heap History (8 events):
Event: 0.455 GC heap before
{Heap before GC invocations=1 (full 0):
 PSYoungGen      total 75776K, used 65024K [0x000000076bc00000, 0x0000000771080000, 0x00000007c0000000)
  eden space 65024K, 100% used [0x000000076bc00000,0x000000076fb80000,0x000000076fb80000)
  from space 10752K, 0% used [0x0000000770600000,0x0000000770600000,0x0000000771080000)
  to   space 10752K, 0% used [0x000000076fb80000,0x000000076fb80000,0x0000000770600000)
 ParOldGen       total 173568K, used 0K [0x00000006c3400000, 0x00000006cdd80000, 0x000000076bc00000)
  object space 173568K, 0% used [0x00000006c3400000,0x00000006c3400000,0x00000006cdd80000)
 Metaspace       used 9893K, capacity 10080K, committed 10368K, reserved 1058816K
  class space    used 1211K, capacity 1288K, committed 1408K, reserved 1048576K
Event: 0.460 GC heap after
Heap after GC invocations=1 (full 0):
 PSYoungGen      total 75776K, used 10727K [0x000000076bc00000, 0x0000000775000000, 0x00000007c0000000)
  eden space 65024K, 0% used [0x000000076bc00000,0x000000076bc00000,0x000000076fb80000)
  from space 10752K, 99% used [0x000000076fb80000,0x00000007705f9f58,0x0000000770600000)
  to   space 10752K, 0% used [0x0000000774580000,0x0000000774580000,0x0000000775000000)
 ParOldGen       total 173568K, used 2765K [0x00000006c3400000, 0x00000006cdd80000, 0x000000076bc00000)
  object space 173568K, 1% used [0x00000006c3400000,0x00000006c36b36c0,0x00000006cdd80000)
 Metaspace       used 9893K, capacity 10080K, committed 10368K, reserved 1058816K
  class space    used 1211K, capacity 1288K, committed 1408K, reserved 1048576K
}
Event: 0.852 GC heap before
{Heap before GC invocations=2 (full 0):
 PSYoungGen      total 75776K, used 75751K [0x000000076bc00000, 0x0000000775000000, 0x00000007c0000000)
  eden space 65024K, 100% used [0x000000076bc00000,0x000000076fb80000,0x000000076fb80000)
  from space 10752K, 99% used [0x000000076fb80000,0x00000007705f9f58,0x0000000770600000)
  to   space 10752K, 0% used [0x0000000774580000,0x0000000774580000,0x0000000775000000)
 ParOldGen       total 173568K, used 2765K [0x00000006c3400000, 0x00000006cdd80000, 0x000000076bc00000)
  object space 173568K, 1% used [0x00000006c3400000,0x00000006c36b36c0,0x00000006cdd80000)
 Metaspace       used 16367K, capacity 16578K, committed 16768K, reserved 1064960K
  class space    used 2074K, capacity 2163K, committed 2176K, reserved 1048576K
Event: 0.860 GC heap after
Heap after GC invocations=2 (full 0):
 PSYoungGen      total 140800K, used 10720K [0x000000076bc00000, 0x0000000775000000, 0x00000007c0000000)
  eden space 130048K, 0% used [0x000000076bc00000,0x000000076bc00000,0x0000000773b00000)
  from space 10752K, 99% used [0x0000000774580000,0x0000000774ff8050,0x0000000775000000)
  to   space 10752K, 0% used [0x0000000773b00000,0x0000000773b00000,0x0000000774580000)
 ParOldGen       total 173568K, used 10083K [0x00000006c3400000, 0x00000006cdd80000, 0x000000076bc00000)
  object space 173568K, 5% used [0x00000006c3400000,0x00000006c3dd8c38,0x00000006cdd80000)
 Metaspace       used 16367K, capacity 16578K, committed 16768K, reserved 1064960K
  class space    used 2074K, capacity 2163K, committed 2176K, reserved 1048576K
}
Event: 1.349 GC heap before
{Heap before GC invocations=3 (full 0):
 PSYoungGen      total 140800K, used 75979K [0x000000076bc00000, 0x0000000775000000, 0x00000007c0000000)
  eden space 130048K, 50% used [0x000000076bc00000,0x000000076fbbaf98,0x0000000773b00000)
  from space 10752K, 99% used [0x0000000774580000,0x0000000774ff8050,0x0000000775000000)
  to   space 10752K, 0% used [0x0000000773b00000,0x0000000773b00000,0x0000000774580000)
 ParOldGen       total 173568K, used 10083K [0x00000006c3400000, 0x00000006cdd80000, 0x000000076bc00000)
  object space 173568K, 5% used [0x00000006c3400000,0x00000006c3dd8c38,0x00000006cdd80000)
 Metaspace       used 20856K, capacity 21062K, committed 21248K, reserved 1067008K
  class space    used 2668K, capacity 2733K, committed 2816K, reserved 1048576K
Event: 1.359 GC heap after
Heap after GC invocations=3 (full 0):
 PSYoungGen      total 140800K, used 10720K [0x000000076bc00000, 0x000000077cf00000, 0x00000007c0000000)
  eden space 130048K, 0% used [0x000000076bc00000,0x000000076bc00000,0x0000000773b00000)
  from space 10752K, 99% used [0x0000000773b00000,0x0000000774578368,0x0000000774580000)
  to   space 10752K, 0% used [0x000000077c480000,0x000000077c480000,0x000000077cf00000)
 ParOldGen       total 173568K, used 17211K [0x00000006c3400000, 0x00000006cdd80000, 0x000000076bc00000)
  object space 173568K, 9% used [0x00000006c3400000,0x00000006c44cec40,0x00000006cdd80000)
 Metaspace       used 20856K, capacity 21062K, committed 21248K, reserved 1067008K
  class space    used 2668K, capacity 2733K, committed 2816K, reserved 1048576K
}
Event: 1.359 GC heap before
{Heap before GC invocations=4 (full 1):
 PSYoungGen      total 140800K, used 10720K [0x000000076bc00000, 0x000000077cf00000, 0x00000007c0000000)
  eden space 130048K, 0% used [0x000000076bc00000,0x000000076bc00000,0x0000000773b00000)
  from space 10752K, 99% used [0x0000000773b00000,0x0000000774578368,0x0000000774580000)
  to   space 10752K, 0% used [0x000000077c480000,0x000000077c480000,0x000000077cf00000)
 ParOldGen       total 173568K, used 17211K [0x00000006c3400000, 0x00000006cdd80000, 0x000000076bc00000)
  object space 173568K, 9% used [0x00000006c3400000,0x00000006c44cec40,0x00000006cdd80000)
 Metaspace       used 20856K, capacity 21062K, committed 21248K, reserved 1067008K
  class space    used 2668K, capacity 2733K, committed 2816K, reserved 1048576K
Event: 1.389 GC heap after
Heap after GC invocations=4 (full 1):
 PSYoungGen      total 140800K, used 0K [0x000000076bc00000, 0x000000077cf00000, 0x00000007c0000000)
  eden space 130048K, 0% used [0x000000076bc00000,0x000000076bc00000,0x0000000773b00000)
  from space 10752K, 0% used [0x0000000773b00000,0x0000000773b00000,0x0000000774580000)
  to   space 10752K, 0% used [0x000000077c480000,0x000000077c480000,0x000000077cf00000)
 ParOldGen       total 132096K, used 18783K [0x00000006c3400000, 0x00000006cb500000, 0x000000076bc00000)
  object space 132096K, 14% used [0x00000006c3400000,0x00000006c4657fa0,0x00000006cb500000)
 Metaspace       used 20856K, capacity 21062K, committed 21248K, reserved 1067008K
  class space    used 2668K, capacity 2733K, committed 2816K, reserved 1048576K
}

